[0m22:28:13.158713 [debug] [MainThread]: Sending event: {'category': 'dbt', 'action': 'invocation', 'label': 'start', 'context': [<snowplow_tracker.self_describing_json.SelfDescribingJson object at 0x75e265176590>, <snowplow_tracker.self_describing_json.SelfDescribingJson object at 0x75e2654ce230>, <snowplow_tracker.self_describing_json.SelfDescribingJson object at 0x75e2654ce1d0>]}


============================== 22:28:13.161808 | aa8339a1-c19b-40da-baa4-6d0263da6289 ==============================
[0m22:28:13.161808 [info ] [MainThread]: Running with dbt=1.8.4
[0m22:28:13.162780 [debug] [MainThread]: running dbt with arguments {'printer_width': '80', 'indirect_selection': 'eager', 'log_cache_events': 'False', 'write_json': 'True', 'partial_parse': 'True', 'cache_selected_only': 'False', 'profiles_dir': '/home/airflow/.dbt', 'version_check': 'True', 'debug': 'False', 'log_path': 'logs', 'fail_fast': 'False', 'warn_error': 'None', 'use_colors': 'True', 'use_experimental_parser': 'False', 'empty': 'None', 'quiet': 'False', 'no_print': 'None', 'log_format': 'default', 'introspect': 'True', 'static_parser': 'True', 'invocation_command': 'dbt init my_dbt', 'target_path': 'None', 'warn_error_options': 'WarnErrorOptions(include=[], exclude=[])', 'send_anonymous_usage_stats': 'True'}
[0m22:28:13.171571 [debug] [MainThread]: Starter project path: /home/airflow/dbt-env/lib/python3.10/site-packages/dbt/include/starter_project
[0m22:28:13.176827 [info ] [MainThread]: 
Your new dbt project "my_dbt" was created!

For more information on how to configure the profiles.yml file,
please consult the dbt documentation here:

  https://docs.getdbt.com/docs/configure-your-profile

One more thing:

Need help? Don't hesitate to reach out to us via GitHub issues or on Slack:

  https://community.getdbt.com/

Happy modeling!

[0m22:28:13.177396 [info ] [MainThread]: Setting up your profile.
[0m22:30:19.340313 [info ] [MainThread]: Profile my_dbt written to /home/airflow/.dbt/profiles.yml using target's profile_template.yml and your supplied values. Run 'dbt debug' to validate the connection.
[0m22:30:19.342441 [debug] [MainThread]: Resource report: {"command_name": "init", "command_success": true, "command_wall_clock_time": 126.24558, "process_user_time": 1.528531, "process_kernel_time": 0.107183, "process_mem_max_rss": "89764", "process_in_blocks": "4336", "process_out_blocks": "80"}
[0m22:30:19.343729 [debug] [MainThread]: Command `dbt init` succeeded at 22:30:19.343418 after 126.25 seconds
[0m22:30:19.347574 [debug] [MainThread]: Sending event: {'category': 'dbt', 'action': 'invocation', 'label': 'end', 'context': [<snowplow_tracker.self_describing_json.SelfDescribingJson object at 0x75e265176590>, <snowplow_tracker.self_describing_json.SelfDescribingJson object at 0x75e2636505e0>, <snowplow_tracker.self_describing_json.SelfDescribingJson object at 0x75e2654ccb50>]}
[0m22:30:19.348351 [debug] [MainThread]: Flushing usage events
[0m22:30:33.215774 [debug] [MainThread]: Sending event: {'category': 'dbt', 'action': 'invocation', 'label': 'start', 'context': [<snowplow_tracker.self_describing_json.SelfDescribingJson object at 0x77fa107e2500>, <snowplow_tracker.self_describing_json.SelfDescribingJson object at 0x77fa0edae110>, <snowplow_tracker.self_describing_json.SelfDescribingJson object at 0x77fa0edae0b0>]}


============================== 22:30:33.219376 | b2824b1b-eb3e-4594-9faf-a112678cf762 ==============================
[0m22:30:33.219376 [info ] [MainThread]: Running with dbt=1.8.4
[0m22:30:33.220240 [debug] [MainThread]: running dbt with arguments {'printer_width': '80', 'indirect_selection': 'eager', 'log_cache_events': 'False', 'write_json': 'True', 'partial_parse': 'True', 'cache_selected_only': 'False', 'warn_error': 'None', 'version_check': 'True', 'debug': 'False', 'log_path': 'logs', 'profiles_dir': '/home/airflow/.dbt', 'fail_fast': 'False', 'use_colors': 'True', 'use_experimental_parser': 'False', 'empty': 'None', 'quiet': 'False', 'no_print': 'None', 'warn_error_options': 'WarnErrorOptions(include=[], exclude=[])', 'static_parser': 'True', 'introspect': 'True', 'invocation_command': 'dbt debug', 'target_path': 'None', 'log_format': 'default', 'send_anonymous_usage_stats': 'True'}
[0m22:30:33.236249 [info ] [MainThread]: dbt version: 1.8.4
[0m22:30:33.236968 [info ] [MainThread]: python version: 3.10.12
[0m22:30:33.237520 [info ] [MainThread]: python path: /home/airflow/dbt-env/bin/python
[0m22:30:33.238082 [info ] [MainThread]: os info: Linux-6.5.0-45-generic-x86_64-with-glibc2.35
[0m22:30:33.309786 [info ] [MainThread]: Using profiles dir at /home/airflow/.dbt
[0m22:30:33.310731 [info ] [MainThread]: Using profiles.yml file at /home/airflow/.dbt/profiles.yml
[0m22:30:33.311340 [info ] [MainThread]: Using dbt_project.yml file at /home/airflow/Solutions/dbt_proj/dbt_project.yml
[0m22:30:33.312051 [error] [MainThread]: Encountered an error:
Internal Error
  Profile should not be None if loading profile completed
[0m22:30:33.313417 [debug] [MainThread]: Resource report: {"command_name": "debug", "command_wall_clock_time": 0.17242543, "process_user_time": 1.614391, "process_kernel_time": 0.152579, "process_mem_max_rss": "90308", "process_in_blocks": "40", "process_out_blocks": "16", "command_success": false}
[0m22:30:33.314670 [debug] [MainThread]: Command `dbt debug` failed at 22:30:33.314373 after 0.17 seconds
[0m22:30:33.315470 [debug] [MainThread]: Sending event: {'category': 'dbt', 'action': 'invocation', 'label': 'end', 'context': [<snowplow_tracker.self_describing_json.SelfDescribingJson object at 0x77fa107e2500>, <snowplow_tracker.self_describing_json.SelfDescribingJson object at 0x77fa0eda7d00>, <snowplow_tracker.self_describing_json.SelfDescribingJson object at 0x77fa0f1adb40>]}
[0m22:30:33.316330 [debug] [MainThread]: Flushing usage events
[0m22:33:35.820190 [debug] [MainThread]: Sending event: {'category': 'dbt', 'action': 'invocation', 'label': 'start', 'context': [<snowplow_tracker.self_describing_json.SelfDescribingJson object at 0x7022e73664d0>, <snowplow_tracker.self_describing_json.SelfDescribingJson object at 0x7022e76ca0b0>, <snowplow_tracker.self_describing_json.SelfDescribingJson object at 0x7022e76ca050>]}


============================== 22:33:35.823671 | 10aeb0bc-99ce-4094-b0c4-e732a536bd5d ==============================
[0m22:33:35.823671 [info ] [MainThread]: Running with dbt=1.8.4
[0m22:33:35.828513 [debug] [MainThread]: running dbt with arguments {'printer_width': '80', 'indirect_selection': 'eager', 'log_cache_events': 'False', 'write_json': 'True', 'partial_parse': 'True', 'cache_selected_only': 'False', 'profiles_dir': '/home/airflow/.dbt', 'version_check': 'True', 'debug': 'False', 'log_path': 'logs', 'fail_fast': 'False', 'warn_error': 'None', 'use_colors': 'True', 'use_experimental_parser': 'False', 'empty': 'None', 'quiet': 'False', 'no_print': 'None', 'warn_error_options': 'WarnErrorOptions(include=[], exclude=[])', 'static_parser': 'True', 'log_format': 'default', 'invocation_command': 'dbt debug', 'target_path': 'None', 'introspect': 'True', 'send_anonymous_usage_stats': 'True'}
[0m22:33:35.841121 [info ] [MainThread]: dbt version: 1.8.4
[0m22:33:35.841884 [info ] [MainThread]: python version: 3.10.12
[0m22:33:35.842364 [info ] [MainThread]: python path: /home/airflow/dbt-env/bin/python
[0m22:33:35.842841 [info ] [MainThread]: os info: Linux-6.5.0-45-generic-x86_64-with-glibc2.35
[0m22:33:35.950887 [info ] [MainThread]: Using profiles dir at /home/airflow/.dbt
[0m22:33:35.951729 [info ] [MainThread]: Using profiles.yml file at /home/airflow/.dbt/profiles.yml
[0m22:33:35.952239 [info ] [MainThread]: Using dbt_project.yml file at /home/airflow/Solutions/dbt_proj/dbt_project.yml
[0m22:33:35.954469 [info ] [MainThread]: adapter type: postgres
[0m22:33:35.955224 [info ] [MainThread]: adapter version: 1.8.2
[0m22:33:35.955875 [info ] [MainThread]: Configuration:
[0m22:33:35.956413 [info ] [MainThread]:   profiles.yml file [[32mOK found and valid[0m]
[0m22:33:35.956969 [info ] [MainThread]:   dbt_project.yml file [[31mERROR not found[0m]
[0m22:33:35.957501 [info ] [MainThread]: Required dependencies:
[0m22:33:35.958075 [debug] [MainThread]: Executing "git --help"
[0m22:33:35.961827 [debug] [MainThread]: STDOUT: "b"usage: git [--version] [--help] [-C <path>] [-c <name>=<value>]\n           [--exec-path[=<path>]] [--html-path] [--man-path] [--info-path]\n           [-p | --paginate | -P | --no-pager] [--no-replace-objects] [--bare]\n           [--git-dir=<path>] [--work-tree=<path>] [--namespace=<name>]\n           [--super-prefix=<path>] [--config-env=<name>=<envvar>]\n           <command> [<args>]\n\nThese are common Git commands used in various situations:\n\nstart a working area (see also: git help tutorial)\n   clone     Clone a repository into a new directory\n   init      Create an empty Git repository or reinitialize an existing one\n\nwork on the current change (see also: git help everyday)\n   add       Add file contents to the index\n   mv        Move or rename a file, a directory, or a symlink\n   restore   Restore working tree files\n   rm        Remove files from the working tree and from the index\n\nexamine the history and state (see also: git help revisions)\n   bisect    Use binary search to find the commit that introduced a bug\n   diff      Show changes between commits, commit and working tree, etc\n   grep      Print lines matching a pattern\n   log       Show commit logs\n   show      Show various types of objects\n   status    Show the working tree status\n\ngrow, mark and tweak your common history\n   branch    List, create, or delete branches\n   commit    Record changes to the repository\n   merge     Join two or more development histories together\n   rebase    Reapply commits on top of another base tip\n   reset     Reset current HEAD to the specified state\n   switch    Switch branches\n   tag       Create, list, delete or verify a tag object signed with GPG\n\ncollaborate (see also: git help workflows)\n   fetch     Download objects and refs from another repository\n   pull      Fetch from and integrate with another repository or a local branch\n   push      Update remote refs along with associated objects\n\n'git help -a' and 'git help -g' list available subcommands and some\nconcept guides. See 'git help <command>' or 'git help <concept>'\nto read about a specific subcommand or concept.\nSee 'git help git' for an overview of the system.\n""
[0m22:33:35.962606 [debug] [MainThread]: STDERR: "b''"
[0m22:33:35.963076 [info ] [MainThread]:  - git [[32mOK found[0m]

[0m22:33:35.963577 [info ] [MainThread]: Connection:
[0m22:33:35.964148 [info ] [MainThread]:   host: 192.168.100.68
[0m22:33:35.964614 [info ] [MainThread]:   port: 5432
[0m22:33:35.965079 [info ] [MainThread]:   user: postgres
[0m22:33:35.965532 [info ] [MainThread]:   database: employees
[0m22:33:35.965995 [info ] [MainThread]:   schema: dbt_employees
[0m22:33:35.966453 [info ] [MainThread]:   connect_timeout: 10
[0m22:33:35.966921 [info ] [MainThread]:   role: None
[0m22:33:35.967341 [info ] [MainThread]:   search_path: None
[0m22:33:35.967841 [info ] [MainThread]:   keepalives_idle: 0
[0m22:33:35.968337 [info ] [MainThread]:   sslmode: None
[0m22:33:35.968823 [info ] [MainThread]:   sslcert: None
[0m22:33:35.969305 [info ] [MainThread]:   sslkey: None
[0m22:33:35.969786 [info ] [MainThread]:   sslrootcert: None
[0m22:33:35.970262 [info ] [MainThread]:   application_name: dbt
[0m22:33:35.970721 [info ] [MainThread]:   retries: 1
[0m22:33:35.971397 [info ] [MainThread]: Registered adapter: postgres=1.8.2
[0m22:33:35.981043 [debug] [MainThread]: Acquiring new postgres connection 'debug'
[0m22:33:36.062138 [debug] [MainThread]: Using postgres connection "debug"
[0m22:33:36.062809 [debug] [MainThread]: On debug: select 1 as id
[0m22:33:36.063268 [debug] [MainThread]: Opening a new connection, currently in state init
[0m22:33:36.106474 [debug] [MainThread]: SQL status: SELECT 1 in 0.043 seconds
[0m22:33:36.108153 [debug] [MainThread]: On debug: Close
[0m22:33:36.108657 [info ] [MainThread]:   Connection test: [[32mOK connection ok[0m]

[0m22:33:36.109137 [info ] [MainThread]: [31m1 check failed:[0m
[0m22:33:36.109597 [info ] [MainThread]: Project loading failed for the following reason:
 project path </home/airflow/Solutions/dbt_proj/dbt_project.yml> not found

[0m22:33:36.110684 [debug] [MainThread]: Resource report: {"command_name": "debug", "command_wall_clock_time": 0.37044033, "process_user_time": 1.751141, "process_kernel_time": 0.131995, "process_mem_max_rss": "97492", "process_in_blocks": "2296", "process_out_blocks": "24", "command_success": false}
[0m22:33:36.111460 [debug] [MainThread]: Command `dbt debug` failed at 22:33:36.111335 after 0.37 seconds
[0m22:33:36.111989 [debug] [MainThread]: Connection 'debug' was properly closed.
[0m22:33:36.112456 [debug] [MainThread]: Sending event: {'category': 'dbt', 'action': 'invocation', 'label': 'end', 'context': [<snowplow_tracker.self_describing_json.SelfDescribingJson object at 0x7022e73664d0>, <snowplow_tracker.self_describing_json.SelfDescribingJson object at 0x7022e587a950>, <snowplow_tracker.self_describing_json.SelfDescribingJson object at 0x7022e76c9ff0>]}
[0m22:33:36.112958 [debug] [MainThread]: Flushing usage events
[0m22:35:13.254842 [debug] [MainThread]: Sending event: {'category': 'dbt', 'action': 'invocation', 'label': 'start', 'context': [<snowplow_tracker.self_describing_json.SelfDescribingJson object at 0x7f511190a560>, <snowplow_tracker.self_describing_json.SelfDescribingJson object at 0x7f5111c6e410>, <snowplow_tracker.self_describing_json.SelfDescribingJson object at 0x7f5111c6e3b0>]}


============================== 22:35:13.258564 | bf66ffe3-b3a2-4168-992b-f7820ef6c376 ==============================
[0m22:35:13.258564 [info ] [MainThread]: Running with dbt=1.8.4
[0m22:35:13.259290 [debug] [MainThread]: running dbt with arguments {'printer_width': '80', 'indirect_selection': 'eager', 'log_cache_events': 'False', 'write_json': 'True', 'partial_parse': 'True', 'cache_selected_only': 'False', 'profiles_dir': '/home/airflow/.dbt', 'version_check': 'True', 'debug': 'False', 'log_path': 'logs', 'fail_fast': 'False', 'warn_error': 'None', 'use_colors': 'True', 'use_experimental_parser': 'False', 'no_print': 'None', 'quiet': 'False', 'empty': 'False', 'warn_error_options': 'WarnErrorOptions(include=[], exclude=[])', 'invocation_command': 'dbt run', 'static_parser': 'True', 'introspect': 'True', 'target_path': 'None', 'log_format': 'default', 'send_anonymous_usage_stats': 'True'}
[0m22:35:13.260044 [error] [MainThread]: Encountered an error:
Runtime Error
  No dbt_project.yml found at expected path /home/airflow/Solutions/dbt_proj/dbt_project.yml
  Verify that each entry within packages.yml (and their transitive dependencies) contains a file named dbt_project.yml
  
[0m22:35:13.261104 [debug] [MainThread]: Resource report: {"command_name": "run", "command_wall_clock_time": 0.0720138, "process_user_time": 1.444864, "process_kernel_time": 0.104934, "process_mem_max_rss": "85196", "process_in_blocks": "608", "process_out_blocks": "8", "command_success": false}
[0m22:35:13.261853 [debug] [MainThread]: Command `dbt run` failed at 22:35:13.261730 after 0.07 seconds
[0m22:35:13.262387 [debug] [MainThread]: Sending event: {'category': 'dbt', 'action': 'invocation', 'label': 'end', 'context': [<snowplow_tracker.self_describing_json.SelfDescribingJson object at 0x7f511190a560>, <snowplow_tracker.self_describing_json.SelfDescribingJson object at 0x7f5111c6e4a0>, <snowplow_tracker.self_describing_json.SelfDescribingJson object at 0x7f5111c6e380>]}
[0m22:35:13.262904 [debug] [MainThread]: Flushing usage events
